[DEBUG] Search response:
{
  "pageSize": 25,
  "pageNumber": 1,
  "result": {
    "classType": "searchResults",
    "results": [],
    "recCount": 0
  }
}
[DEBUG] No items found in search response
[DEBUG] Search response:
{
  "pageSize": 25,
  "pageNumber": 1,
  "result": {
    "classType": "searchResults",
    "results": [],
    "recCount": 0
  }
}
[DEBUG] No items found in search response
[DEBUG] Search response:
{
  "pageSize": 25,
  "pageNumber": 1,
  "result": {
    "classType": "searchResults",
    "results": [],
    "recCount": 0
  }
}
[DEBUG] No items found in search response
[DEBUG] Search response:
{
  "pageSize": 25,
  "pageNumber": 1,
  "result": {
    "classType": "searchResults",
    "results": [],
    "recCount": 0
  }
}
[DEBUG] No items found in search response
[DEBUG] Search response:
{
  "pageSize": 25,
  "pageNumber": 1,
  "result": {
    "classType": "searchResults",
    "results": [],
    "recCount": 0
  }
}
[DEBUG] No items found in search response
[DEBUG] Search response:
{
  "pageSize": 25,
  "pageNumber": 1,
  "result": {
    "classType": "searchResults",
    "results": [],
    "recCount": 0
  }
}
[DEBUG] No items found in search response
